# JRE version: OpenJDK Runtime Environment (8.0_242-b01) (build 1.8.0_242-release-1644-b01)
# Java VM: OpenJDK 64-Bit Server VM (25.242-b01 mixed mode windows-amd64 compressed oops)
Heap:
 PSYoungGen      total 609280K, used 506547K [0x00000000d5580000, 0x0000000100000000, 0x0000000100000000)
  eden space 550400K, 81% used [0x00000000d5580000,0x00000000f0ac1178,0x00000000f6f00000)
  from space 58880K, 99% used [0x00000000f6f00000,0x00000000fa86bc98,0x00000000fa880000)
  to   space 81408K, 0% used [0x00000000fb080000,0x00000000fb080000,0x0000000100000000)
 ParOldGen       total 157696K, used 110541K [0x0000000080000000, 0x0000000089a00000, 0x00000000d5580000)
  object space 157696K, 70% used [0x0000000080000000,0x0000000086bf3590,0x0000000089a00000)
 Metaspace       used 119110K, capacity 126212K, committed 126528K, reserved 1159168K
  class space    used 15302K, capacity 16650K, committed 16744K, reserved 1048576K
GC Heap History (10 events):
Event: 148.766 GC heap before
{Heap before GC invocations=23 (full 4):
 PSYoungGen      total 655872K, used 621104K [0x00000000d5580000, 0x0000000100000000, 0x0000000100000000)
  eden space 611328K, 100% used [0x00000000d5580000,0x00000000faa80000,0x00000000faa80000)
  from space 44544K, 21% used [0x00000000fd480000,0x00000000fde0c2b0,0x0000000100000000)
  to   space 43008K, 0% used [0x00000000faa80000,0x00000000faa80000,0x00000000fd480000)
 ParOldGen       total 157696K, used 77666K [0x0000000080000000, 0x0000000089a00000, 0x00000000d5580000)
  object space 157696K, 49% used [0x0000000080000000,0x0000000084bd89e8,0x0000000089a00000)
 Metaspace       used 112837K, capacity 118638K, committed 118976K, reserved 1153024K
  class space    used 14641K, capacity 15761K, committed 15848K, reserved 1048576K
Event: 148.868 GC heap after
Heap after GC invocations=23 (full 4):
 PSYoungGen      total 647680K, used 36160K [0x00000000d5580000, 0x0000000100000000, 0x0000000100000000)
  eden space 611328K, 0% used [0x00000000d5580000,0x00000000d5580000,0x00000000faa80000)
  from space 36352K, 99% used [0x00000000faa80000,0x00000000fcdd0208,0x00000000fce00000)
  to   space 47616K, 0% used [0x00000000fd180000,0x00000000fd180000,0x0000000100000000)
 ParOldGen       total 157696K, used 77674K [0x0000000080000000, 0x0000000089a00000, 0x00000000d5580000)
  object space 157696K, 49% used [0x0000000080000000,0x0000000084bda9e8,0x0000000089a00000)
 Metaspace       used 112837K, capacity 118638K, committed 118976K, reserved 1153024K
  class space    used 14641K, capacity 15761K, committed 15848K, reserved 1048576K
}
Event: 160.935 GC heap before
{Heap before GC invocations=24 (full 4):
 PSYoungGen      total 647680K, used 647488K [0x00000000d5580000, 0x0000000100000000, 0x0000000100000000)
  eden space 611328K, 100% used [0x00000000d5580000,0x00000000faa80000,0x00000000faa80000)
  from space 36352K, 99% used [0x00000000faa80000,0x00000000fcdd0208,0x00000000fce00000)
  to   space 47616K, 0% used [0x00000000fd180000,0x00000000fd180000,0x0000000100000000)
 ParOldGen       total 157696K, used 77674K [0x0000000080000000, 0x0000000089a00000, 0x00000000d5580000)
  object space 157696K, 49% used [0x0000000080000000,0x0000000084bda9e8,0x0000000089a00000)
 Metaspace       used 112899K, capacity 118720K, committed 118976K, reserved 1153024K
  class space    used 14641K, capacity 15762K, committed 15848K, reserved 1048576K
Event: 161.130 GC heap after
Heap after GC invocations=24 (full 4):
 PSYoungGen      total 643072K, used 36142K [0x00000000d5580000, 0x0000000100000000, 0x0000000100000000)
  eden space 595456K, 0% used [0x00000000d5580000,0x00000000d5580000,0x00000000f9b00000)
  from space 47616K, 75% used [0x00000000fd180000,0x00000000ff4cb8d8,0x0000000100000000)
  to   space 51712K, 0% used [0x00000000f9b00000,0x00000000f9b00000,0x00000000fcd80000)
 ParOldGen       total 157696K, used 77682K [0x0000000080000000, 0x0000000089a00000, 0x00000000d5580000)
  object space 157696K, 49% used [0x0000000080000000,0x0000000084bdc9e8,0x0000000089a00000)
 Metaspace       used 112899K, capacity 118720K, committed 118976K, reserved 1153024K
  class space    used 14641K, capacity 15762K, committed 15848K, reserved 1048576K
}
Event: 173.223 GC heap before
{Heap before GC invocations=25 (full 4):
 PSYoungGen      total 643072K, used 631598K [0x00000000d5580000, 0x0000000100000000, 0x0000000100000000)
  eden space 595456K, 100% used [0x00000000d5580000,0x00000000f9b00000,0x00000000f9b00000)
  from space 47616K, 75% used [0x00000000fd180000,0x00000000ff4cb8d8,0x0000000100000000)
  to   space 51712K, 0% used [0x00000000f9b00000,0x00000000f9b00000,0x00000000fcd80000)
 ParOldGen       total 157696K, used 77682K [0x0000000080000000, 0x0000000089a00000, 0x00000000d5580000)
  object space 157696K, 49% used [0x0000000080000000,0x0000000084bdc9e8,0x0000000089a00000)
 Metaspace       used 112936K, capacity 118788K, committed 118976K, reserved 1153024K
  class space    used 14643K, capacity 15762K, committed 15848K, reserved 1048576K
Event: 173.437 GC heap after
Heap after GC invocations=25 (full 4):
 PSYoungGen      total 629760K, used 34185K [0x00000000d5580000, 0x0000000100000000, 0x0000000100000000)
  eden space 595456K, 0% used [0x00000000d5580000,0x00000000d5580000,0x00000000f9b00000)
  from space 34304K, 99% used [0x00000000f9b00000,0x00000000fbc627c8,0x00000000fbc80000)
  to   space 53760K, 0% used [0x00000000fcb80000,0x00000000fcb80000,0x0000000100000000)
 ParOldGen       total 157696K, used 77690K [0x0000000080000000, 0x0000000089a00000, 0x00000000d5580000)
  object space 157696K, 49% used [0x0000000080000000,0x0000000084bde9e8,0x0000000089a00000)
 Metaspace       used 112936K, capacity 118788K, committed 118976K, reserved 1153024K
  class space    used 14643K, capacity 15762K, committed 15848K, reserved 1048576K
}
Event: 191.527 GC heap before
{Heap before GC invocations=26 (full 4):
 PSYoungGen      total 629760K, used 629641K [0x00000000d5580000, 0x0000000100000000, 0x0000000100000000)
  eden space 595456K, 100% used [0x00000000d5580000,0x00000000f9b00000,0x00000000f9b00000)
  from space 34304K, 99% used [0x00000000f9b00000,0x00000000fbc627c8,0x00000000fbc80000)
  to   space 53760K, 0% used [0x00000000fcb80000,0x00000000fcb80000,0x0000000100000000)
 ParOldGen       total 157696K, used 77690K [0x0000000080000000, 0x0000000089a00000, 0x00000000d5580000)
  object space 157696K, 49% used [0x0000000080000000,0x0000000084bde9e8,0x0000000089a00000)
 Metaspace       used 113711K, capacity 119612K, committed 119744K, reserved 1153024K
  class space    used 14708K, capacity 15846K, committed 15848K, reserved 1048576K
Event: 191.886 GC heap after
Heap after GC invocations=26 (full 4):
 PSYoungGen      total 604160K, used 53734K [0x00000000d5580000, 0x0000000100000000, 0x0000000100000000)
  eden space 550400K, 0% used [0x00000000d5580000,0x00000000d5580000,0x00000000f6f00000)
  from space 53760K, 99% used [0x00000000fcb80000,0x00000000ffff9a48,0x0000000100000000)
  to   space 74240K, 0% used [0x00000000f6f00000,0x00000000f6f00000,0x00000000fb780000)
 ParOldGen       total 157696K, used 109053K [0x0000000080000000, 0x0000000089a00000, 0x00000000d5580000)
  object space 157696K, 69% used [0x0000000080000000,0x0000000086a7f4d8,0x0000000089a00000)
 Metaspace       used 113711K, capacity 119612K, committed 119744K, reserved 1153024K
  class space    used 14708K, capacity 15846K, committed 15848K, reserved 1048576K
}
Event: 3651.239 GC heap before
{Heap before GC invocations=27 (full 4):
 PSYoungGen      total 604160K, used 604134K [0x00000000d5580000, 0x0000000100000000, 0x0000000100000000)
  eden space 550400K, 100% used [0x00000000d5580000,0x00000000f6f00000,0x00000000f6f00000)
  from space 53760K, 99% used [0x00000000fcb80000,0x00000000ffff9a48,0x0000000100000000)
  to   space 74240K, 0% used [0x00000000f6f00000,0x00000000f6f00000,0x00000000fb780000)
 ParOldGen       total 157696K, used 109053K [0x0000000080000000, 0x0000000089a00000, 0x00000000d5580000)
  object space 157696K, 69% used [0x0000000080000000,0x0000000086a7f4d8,0x0000000089a00000)
 Metaspace       used 118101K, capacity 124686K, committed 124736K, reserved 1157120K
  class space    used 15214K, capacity 16481K, committed 16488K, reserved 1048576K
Event: 3659.430 GC heap after
Heap after GC invocations=27 (full 4):
 PSYoungGen      total 609280K, used 58799K [0x00000000d5580000, 0x0000000100000000, 0x0000000100000000)
  eden space 550400K, 0% used [0x00000000d5580000,0x00000000d5580000,0x00000000f6f00000)
  from space 58880K, 99% used [0x00000000f6f00000,0x00000000fa86bc98,0x00000000fa880000)
  to   space 81408K, 0% used [0x00000000fb080000,0x00000000fb080000,0x0000000100000000)
 ParOldGen       total 157696K, used 110541K [0x0000000080000000, 0x0000000089a00000, 0x00000000d5580000)
  object space 157696K, 70% used [0x0000000080000000,0x0000000086bf3590,0x0000000089a00000)
 Metaspace       used 118101K, capacity 124686K, committed 124736K, reserved 1157120K
  class space    used 15214K, capacity 16481K, committed 16488K, reserved 1048576K
}

